------------------------------------------------------------------------------------------------------------
      name:  <unnamed>
       log:  F:\OneDrive - The Pennsylvania State University\Academic\Publication_Sub\AmishCovid202302_Censu
> s2020Pop\results/s2.2_monthlydescription.log
  log type:  text
 opened on:  25 Feb 2023, 20:27:08

. 
. *==========================================================
. * correlation matrix
. *==========================================================
. use "$data/resdata_monthly.dta", clear

. // pwcorr mr amishpct evang_no_amish trump2020, star(0.05)
. // graph matrix mr amishpct evang_no_amish trump2020, half msymbol(Oh) msize(vsmall)
. 
. *==========================================================
. * descriptive statistics
. *==========================================================
. // use "$data/resdata_monthly.dta", clear
. // order countyfips monthly mr amishpct evang_no_amish colle trump2020 hhincmed1000 met
. // local vars mr amishpct evang_no_amish colle trump2020 hhincmed1000 met
. // outreg2 using "$results/descriptive_statistics.doc", replace label dec(2) sum(log) keep(`vars') eqkeep(
> N mean sd min max)
. 
. *==========================================================
. * monthly vaccination rate
. *==========================================================
. // use "$data/resdata_monthly.dta", clear
. // histogram mr, frequency ///
. //      xlabel(-0.2 "-0.2" -0.1 "-0.1" 0 "0.0" 0.1 "0.1" 0.2 "0.2" 0.3 "0.3" 0.4 "0.4" 0.5 "0.5" 0.6 "0.6"
>  0.7 "0.7" 0.8 "0.8" 0.9 "0.9" 1 "1.0") ///
. //      name(fig1, replace)
. // graph export "$results/histo_mr.png", as(png) width(800) height(600) replace
. 
. // twoway (scatter mr monthly) (lfit mr monthly), name(fig2, replace)
. // twoway (scatter mr monthly) (lfit mr monthly), by(amishpct4) name(fig3, replace)
. 
. *==========================================================
. * Spearman's rank correlation
. *==========================================================
. ** all sample
. spearman mr amishpct, stats(rho p)

 Number of obs =    7497
Spearman's rho =      -0.0606

Test of Ho: mr and amishpct are independent
    Prob > |t| =       0.0000

. // pwcorr mr amishpct, obs sig
. 
. ** top quarter, more Amish population
. spearman mr amishpct if amishpct4 == 4, stats(rho p)

 Number of obs =    1869
Spearman's rho =      -0.0543

Test of Ho: mr and amishpct are independent
    Prob > |t| =       0.0190

. // pwcorr mr amishpct if amishpct4 == 4, obs sig
. 
. ** bottom quarter, less Amish population
. spearman mr amishpct if amishpct4 == 1, stats(rho p)

 Number of obs =    1890
Spearman's rho =       0.0005

Test of Ho: mr and amishpct are independent
    Prob > |t| =       0.9835

. // pwcorr mr amishpct if amishpct4 == 1, obs sig
. 
. 
end of do-file

. exit, clear
