--------------------------------------------------------------------------------------------------------------------
      name:  <unnamed>
       log:  F:\OneDrive - The Pennsylvania State University\Academic\Publication_Sub\AmishCovid202212\results/s5.1_
> description.log
  log type:  text
 opened on:  16 Jan 2023, 20:43:49

. 
. *==========================================================
. * read data and generate time variables
. *==========================================================
. use "$data/covid.dta", clear

. 
. gen datevar = date(date, "MDY", 2099)

. format datevar %td

. gen quarterly = qofd(datevar)

. format quarterly %tq

. 
. gen month = month(datevar)

. gen day = day(datevar)

. gen year = year(datevar)

. gen monthly = ym(year, month)

. format monthly %tm

. gen week = week(datevar)

. gen weekly = yw(year, week)

. format weekly %tw

. 
. order countyfips date year monthly weekly

. 
. keep if countyfips == "18087"
(1,853,225 observations deleted)

. sort year monthly weekly day

. 
. *==========================================================
. * end logging
. *==========================================================
. // clear
. log close _all
      name:  <unnamed>
       log:  F:\OneDrive - The Pennsylvania State University\Academic\Publication_Sub\AmishCovid202212\results/s5.1_
> description.log
  log type:  text
 closed on:  16 Jan 2023, 20:43:52
--------------------------------------------------------------------------------------------------------------------
